<?xml version="1.0" encoding="UTF-8"?>
<!-- Generated by org.testng.reporters.JUnitXMLReporter -->
<testsuite hostname="SYS174" name="free CRM App Test cases" tests="3" failures="0" timestamp="11 Oct 2018 12:33:46 GMT" time="40.604" errors="0">
  <testcase name="loginPageTitleTest" time="0.041" classname="com.crm.qa.testcases.LoginPageTest"/>
  <testcase name="crmLogoImageTest" time="0.084" classname="com.crm.qa.testcases.LoginPageTest"/>
  <testcase name="loginTest" time="7.824" classname="com.crm.qa.testcases.LoginPageTest"/>
</testsuite> <!-- free CRM App Test cases -->
