<?xml version="1.0" encoding="UTF-8"?>
<testng-results skipped="0" failed="0" total="1" passed="1">
  <reporter-output>
  </reporter-output>
  <suite name="Command line suite" duration-ms="20" started-at="2018-10-12T09:09:56Z" finished-at="2018-10-12T09:09:56Z">
    <groups>
    </groups>
    <test name="Command line test" duration-ms="20" started-at="2018-10-12T09:09:56Z" finished-at="2018-10-12T09:09:56Z">
      <class name="FreeCRMTestAutomation.FreeCRMTest.AppTest">
        <test-method status="PASS" signature="testApp()[pri:0, instance:testApp(FreeCRMTestAutomation.FreeCRMTest.AppTest)]" name="testApp" duration-ms="1" started-at="2018-10-12T14:39:56Z" finished-at="2018-10-12T14:39:56Z">
          <reporter-output>
          </reporter-output>
        </test-method> <!-- testApp -->
      </class> <!-- FreeCRMTestAutomation.FreeCRMTest.AppTest -->
    </test> <!-- Command line test -->
  </suite> <!-- Command line suite -->
</testng-results>
